<?xml version="1.0" encoding="utf-8"?><testsuites name="pytest tests"><testsuite name="pytest" errors="0" failures="0" skipped="0" tests="9" time="1.293" timestamp="2026-03-05T00:15:55.575799+00:00" hostname="agent-env-b1c31d5a-de2a-470a-9e6d-1c742ee7766f"><testcase classname="backend.tests.test_mezzora_api.TestAPIHealth" name="test_api_root_endpoint" time="0.205" /><testcase classname="backend.tests.test_mezzora_api.TestContactAPI" name="test_submit_contact_form_success" time="0.136" /><testcase classname="backend.tests.test_mezzora_api.TestContactAPI" name="test_submit_contact_form_reclamation" time="0.117" /><testcase classname="backend.tests.test_mezzora_api.TestContactAPI" name="test_submit_contact_form_avis" time="0.116" /><testcase classname="backend.tests.test_mezzora_api.TestContactAPI" name="test_submit_contact_form_invalid_email" time="0.123" /><testcase classname="backend.tests.test_mezzora_api.TestContactAPI" name="test_submit_contact_form_missing_required_fields" time="0.111" /><testcase classname="backend.tests.test_mezzora_api.TestContactAPI" name="test_get_all_contacts" time="0.121" /><testcase classname="backend.tests.test_mezzora_api.TestStatusAPI" name="test_create_status_check" time="0.154" /><testcase classname="backend.tests.test_mezzora_api.TestStatusAPI" name="test_get_status_checks" time="0.146" /></testsuite></testsuites>